<?xml version="1.0" encoding="UTF-8"?>
<testng-results ignored="0" total="11" passed="9" failed="2" skipped="0">
  <reporter-output>
    <line>
      <![CDATA[trying to start browser and ready]]>
    </line>
    <line>
      <![CDATA[application and browser is running]]>
    </line>
    <line>
      <![CDATA[Test is going to end]]>
    </line>
    <line>
      <![CDATA[completed successfully...Report generated]]>
    </line>
    <line>
      <![CDATA[Test is going to end]]>
    </line>
    <line>
      <![CDATA[completed successfully...Report generated]]>
    </line>
    <line>
      <![CDATA[Test is going to end]]>
    </line>
    <line>
      <![CDATA[completed successfully...Report generated]]>
    </line>
    <line>
      <![CDATA[Test is going to end]]>
    </line>
    <line>
      <![CDATA[completed successfully...Report generated]]>
    </line>
    <line>
      <![CDATA[Test is going to end]]>
    </line>
    <line>
      <![CDATA[completed successfully...Report generated]]>
    </line>
    <line>
      <![CDATA[Test is going to end]]>
    </line>
    <line>
      <![CDATA[completed successfully...Report generated]]>
    </line>
    <line>
      <![CDATA[Test is going to end]]>
    </line>
    <line>
      <![CDATA[completed successfully...Report generated]]>
    </line>
    <line>
      <![CDATA[Test is going to end]]>
    </line>
    <line>
      <![CDATA[completed successfully...Report generated]]>
    </line>
    <line>
      <![CDATA[Test is going to end]]>
    </line>
    <line>
      <![CDATA[completed successfully...Report generated]]>
    </line>
    <line>
      <![CDATA[Test is going to end]]>
    </line>
    <line>
      <![CDATA[completed successfully...Report generated]]>
    </line>
    <line>
      <![CDATA[Test is going to end]]>
    </line>
    <line>
      <![CDATA[completed successfully...Report generated]]>
    </line>
  </reporter-output>
  <suite started-at="2022-08-27T11:09:54 IST" name="Default suite" finished-at="2022-08-27T11:10:52 IST" duration-ms="57612">
    <groups>
    </groups>
    <test started-at="2022-08-27T11:09:54 IST" name="Default test" finished-at="2022-08-27T11:10:52 IST" duration-ms="57612">
      <class name="Runner.TestCase">
        <test-method is-config="true" signature="setUpSuit()[pri:0, instance:Runner.TestCase@4b8ee4de]" started-at="2022-08-27T11:09:53 IST" name="setUpSuit" finished-at="2022-08-27T11:09:54 IST" duration-ms="1346" status="PASS">
          <reporter-output>
          </reporter-output>
        </test-method> <!-- setUpSuit -->
        <test-method is-config="true" signature="setup()[pri:0, instance:Runner.TestCase@4b8ee4de]" started-at="2022-08-27T11:09:54 IST" name="setup" finished-at="2022-08-27T11:10:05 IST" duration-ms="10193" status="PASS">
          <reporter-output>
            <line>
              <![CDATA[trying to start browser and ready]]>
            </line>
            <line>
              <![CDATA[application and browser is running]]>
            </line>
          </reporter-output>
        </test-method> <!-- setup -->
        <test-method signature="FaceBook()[pri:1, instance:Runner.TestCase@4b8ee4de]" started-at="2022-08-27T11:10:05 IST" name="FaceBook" finished-at="2022-08-27T11:10:08 IST" duration-ms="3754" status="PASS">
          <reporter-output>
          </reporter-output>
        </test-method> <!-- FaceBook -->
        <test-method is-config="true" signature="tearDownMethod(org.testng.ITestResult)[pri:0, instance:Runner.TestCase@4b8ee4de]" started-at="2022-08-27T11:10:08 IST" name="tearDownMethod" finished-at="2022-08-27T11:10:10 IST" duration-ms="1390" status="PASS">
          <params>
            <param index="0">
              <value>
                <![CDATA[[TestResult name=FaceBook status=SUCCESS method=TestCase.FaceBook()[pri:1, instance:Runner.TestCase@4b8ee4de] output={null}]]]>
              </value>
            </param>
          </params>
          <reporter-output>
            <line>
              <![CDATA[Test is going to end]]>
            </line>
            <line>
              <![CDATA[completed successfully...Report generated]]>
            </line>
          </reporter-output>
        </test-method> <!-- tearDownMethod -->
        <test-method signature="login()[pri:1, instance:Runner.TestCase@4b8ee4de]" started-at="2022-08-27T11:10:10 IST" name="login" finished-at="2022-08-27T11:10:11 IST" duration-ms="1116" status="FAIL">
          <exception class="org.openqa.selenium.ElementClickInterceptedException">
            <message>
              <![CDATA[element click intercepted: Element <a href="/en-us/sign-in">...</a> is not clickable at point (1044, 7). Other element would receive the click: <div class="lilo3746-wrapper lilo3746-lightbox lilo3746-dom-loaded" id="lilo3746-wrapper" style="opacity: 0;">...</div>
  (Session info: chrome=104.0.5112.102)
Build info: version: '4.1.1', revision: 'e8fcc2cecf'
System info: host: 'MT-HYHN1Z2', ip: '192.168.0.101', os.name: 'Windows 10', os.arch: 'amd64', os.version: '10.0', java.version: '17.0.2'
Driver info: org.openqa.selenium.chrome.ChromeDriver
Command: [250975053951f10740afdc635a51ba8e, clickElement {id=88185522-cf5a-4760-80dc-7cc37cb45b22}]
Capabilities {acceptInsecureCerts: false, browserName: chrome, browserVersion: 104.0.5112.102, chrome: {chromedriverVersion: 104.0.5112.79 (3cf3e8c8a07d..., userDataDir: C:\Users\M1082746\AppData\L...}, goog:chromeOptions: {debuggerAddress: localhost:57365}, javascriptEnabled: true, networkConnectionEnabled: false, pageLoadStrategy: normal, platform: WINDOWS, platformName: WINDOWS, proxy: Proxy(), se:cdp: ws://localhost:57365/devtoo..., se:cdpVersion: 104.0.5112.102, setWindowRect: true, strictFileInteractability: false, timeouts: {implicit: 0, pageLoad: 300000, script: 30000}, unhandledPromptBehavior: dismiss and notify, webauthn:extension:credBlob: true, webauthn:extension:largeBlob: true, webauthn:virtualAuthenticators: true}
Element: [[ChromeDriver: chrome on WINDOWS (250975053951f10740afdc635a51ba8e)] -> xpath: //a[normalize-space()='Register']]
Session ID: 250975053951f10740afdc635a51ba8e]]>
            </message>
            <full-stacktrace>
              <![CDATA[org.openqa.selenium.ElementClickInterceptedException: element click intercepted: Element <a href="/en-us/sign-in">...</a> is not clickable at point (1044, 7). Other element would receive the click: <div class="lilo3746-wrapper lilo3746-lightbox lilo3746-dom-loaded" id="lilo3746-wrapper" style="opacity: 0;">...</div>
  (Session info: chrome=104.0.5112.102)
Build info: version: '4.1.1', revision: 'e8fcc2cecf'
System info: host: 'MT-HYHN1Z2', ip: '192.168.0.101', os.name: 'Windows 10', os.arch: 'amd64', os.version: '10.0', java.version: '17.0.2'
Driver info: org.openqa.selenium.chrome.ChromeDriver
Command: [250975053951f10740afdc635a51ba8e, clickElement {id=88185522-cf5a-4760-80dc-7cc37cb45b22}]
Capabilities {acceptInsecureCerts: false, browserName: chrome, browserVersion: 104.0.5112.102, chrome: {chromedriverVersion: 104.0.5112.79 (3cf3e8c8a07d..., userDataDir: C:\Users\M1082746\AppData\L...}, goog:chromeOptions: {debuggerAddress: localhost:57365}, javascriptEnabled: true, networkConnectionEnabled: false, pageLoadStrategy: normal, platform: WINDOWS, platformName: WINDOWS, proxy: Proxy(), se:cdp: ws://localhost:57365/devtoo..., se:cdpVersion: 104.0.5112.102, setWindowRect: true, strictFileInteractability: false, timeouts: {implicit: 0, pageLoad: 300000, script: 30000}, unhandledPromptBehavior: dismiss and notify, webauthn:extension:credBlob: true, webauthn:extension:largeBlob: true, webauthn:virtualAuthenticators: true}
Element: [[ChromeDriver: chrome on WINDOWS (250975053951f10740afdc635a51ba8e)] -> xpath: //a[normalize-space()='Register']]
Session ID: 250975053951f10740afdc635a51ba8e
at java.base/jdk.internal.reflect.NativeConstructorAccessorImpl.newInstance0(Native Method)
at java.base/jdk.internal.reflect.NativeConstructorAccessorImpl.newInstance(NativeConstructorAccessorImpl.java:77)
at java.base/jdk.internal.reflect.DelegatingConstructorAccessorImpl.newInstance(DelegatingConstructorAccessorImpl.java:45)
at java.base/java.lang.reflect.Constructor.newInstanceWithCaller(Constructor.java:499)
at java.base/java.lang.reflect.Constructor.newInstance(Constructor.java:480)
at org.openqa.selenium.remote.codec.w3c.W3CHttpResponseCodec.createException(W3CHttpResponseCodec.java:200)
at org.openqa.selenium.remote.codec.w3c.W3CHttpResponseCodec.decode(W3CHttpResponseCodec.java:133)
at org.openqa.selenium.remote.codec.w3c.W3CHttpResponseCodec.decode(W3CHttpResponseCodec.java:53)
at org.openqa.selenium.remote.HttpCommandExecutor.execute(HttpCommandExecutor.java:184)
at org.openqa.selenium.remote.service.DriverCommandExecutor.invokeExecute(DriverCommandExecutor.java:167)
at org.openqa.selenium.remote.service.DriverCommandExecutor.execute(DriverCommandExecutor.java:142)
at org.openqa.selenium.remote.RemoteWebDriver.execute(RemoteWebDriver.java:543)
at org.openqa.selenium.remote.RemoteWebElement.execute(RemoteWebElement.java:251)
at org.openqa.selenium.remote.RemoteWebElement.click(RemoteWebElement.java:77)
at PageObject.Login.login(Login.java:20)
at Runner.TestCase.login(TestCase.java:29)
at java.base/jdk.internal.reflect.NativeMethodAccessorImpl.invoke0(Native Method)
at java.base/jdk.internal.reflect.NativeMethodAccessorImpl.invoke(NativeMethodAccessorImpl.java:77)
at java.base/jdk.internal.reflect.DelegatingMethodAccessorImpl.invoke(DelegatingMethodAccessorImpl.java:43)
at java.base/java.lang.reflect.Method.invoke(Method.java:568)
at org.testng.internal.MethodInvocationHelper.invokeMethod(MethodInvocationHelper.java:133)
at org.testng.internal.TestInvoker.invokeMethod(TestInvoker.java:598)
at org.testng.internal.TestInvoker.invokeTestMethod(TestInvoker.java:173)
at org.testng.internal.MethodRunner.runInSequence(MethodRunner.java:46)
at org.testng.internal.TestInvoker$MethodInvocationAgent.invoke(TestInvoker.java:824)
at org.testng.internal.TestInvoker.invokeTestMethods(TestInvoker.java:146)
at org.testng.internal.TestMethodWorker.invokeTestMethods(TestMethodWorker.java:146)
at org.testng.internal.TestMethodWorker.run(TestMethodWorker.java:128)
at java.base/java.util.ArrayList.forEach(ArrayList.java:1511)
at org.testng.TestRunner.privateRun(TestRunner.java:794)
at org.testng.TestRunner.run(TestRunner.java:596)
at org.testng.SuiteRunner.runTest(SuiteRunner.java:377)
at org.testng.SuiteRunner.runSequentially(SuiteRunner.java:371)
at org.testng.SuiteRunner.privateRun(SuiteRunner.java:332)
at org.testng.SuiteRunner.run(SuiteRunner.java:276)
at org.testng.SuiteRunnerWorker.runSuite(SuiteRunnerWorker.java:53)
at org.testng.SuiteRunnerWorker.run(SuiteRunnerWorker.java:96)
at org.testng.TestNG.runSuitesSequentially(TestNG.java:1212)
at org.testng.TestNG.runSuitesLocally(TestNG.java:1134)
at org.testng.TestNG.runSuites(TestNG.java:1063)
at org.testng.TestNG.run(TestNG.java:1031)
at org.testng.remote.AbstractRemoteTestNG.run(AbstractRemoteTestNG.java:115)
at org.testng.remote.RemoteTestNG.initAndRun(RemoteTestNG.java:251)
at org.testng.remote.RemoteTestNG.main(RemoteTestNG.java:77)
]]>
            </full-stacktrace>
          </exception> <!-- org.openqa.selenium.ElementClickInterceptedException -->
          <reporter-output>
          </reporter-output>
        </test-method> <!-- login -->
        <test-method is-config="true" signature="tearDownMethod(org.testng.ITestResult)[pri:0, instance:Runner.TestCase@4b8ee4de]" started-at="2022-08-27T11:10:11 IST" name="tearDownMethod" finished-at="2022-08-27T11:10:11 IST" duration-ms="18" status="PASS">
          <params>
            <param index="0">
              <value>
                <![CDATA[[TestResult name=login status=FAILURE method=TestCase.login()[pri:1, instance:Runner.TestCase@4b8ee4de] output={null}]]]>
              </value>
            </param>
          </params>
          <reporter-output>
            <line>
              <![CDATA[Test is going to end]]>
            </line>
            <line>
              <![CDATA[completed successfully...Report generated]]>
            </line>
          </reporter-output>
        </test-method> <!-- tearDownMethod -->
        <test-method signature="language()[pri:2, instance:Runner.TestCase@4b8ee4de]" started-at="2022-08-27T11:10:11 IST" name="language" finished-at="2022-08-27T11:10:12 IST" duration-ms="1138" status="FAIL">
          <exception class="org.openqa.selenium.ElementClickInterceptedException">
            <message>
              <![CDATA[element click intercepted: Element <button>...</button> is not clickable at point (1155, 7). Other element would receive the click: <div class="lilo3746-wrapper lilo3746-lightbox lilo3746-dom-loaded" id="lilo3746-wrapper" style="opacity: 0;">...</div>
  (Session info: chrome=104.0.5112.102)
Build info: version: '4.1.1', revision: 'e8fcc2cecf'
System info: host: 'MT-HYHN1Z2', ip: '192.168.0.101', os.name: 'Windows 10', os.arch: 'amd64', os.version: '10.0', java.version: '17.0.2'
Driver info: org.openqa.selenium.chrome.ChromeDriver
Command: [250975053951f10740afdc635a51ba8e, clickElement {id=5cf66165-1c07-455a-8eb2-338fa3387c39}]
Capabilities {acceptInsecureCerts: false, browserName: chrome, browserVersion: 104.0.5112.102, chrome: {chromedriverVersion: 104.0.5112.79 (3cf3e8c8a07d..., userDataDir: C:\Users\M1082746\AppData\L...}, goog:chromeOptions: {debuggerAddress: localhost:57365}, javascriptEnabled: true, networkConnectionEnabled: false, pageLoadStrategy: normal, platform: WINDOWS, platformName: WINDOWS, proxy: Proxy(), se:cdp: ws://localhost:57365/devtoo..., se:cdpVersion: 104.0.5112.102, setWindowRect: true, strictFileInteractability: false, timeouts: {implicit: 0, pageLoad: 300000, script: 30000}, unhandledPromptBehavior: dismiss and notify, webauthn:extension:credBlob: true, webauthn:extension:largeBlob: true, webauthn:virtualAuthenticators: true}
Element: [[ChromeDriver: chrome on WINDOWS (250975053951f10740afdc635a51ba8e)] -> xpath: //button[normalize-space()='US - English']]
Session ID: 250975053951f10740afdc635a51ba8e]]>
            </message>
            <full-stacktrace>
              <![CDATA[org.openqa.selenium.ElementClickInterceptedException: element click intercepted: Element <button>...</button> is not clickable at point (1155, 7). Other element would receive the click: <div class="lilo3746-wrapper lilo3746-lightbox lilo3746-dom-loaded" id="lilo3746-wrapper" style="opacity: 0;">...</div>
  (Session info: chrome=104.0.5112.102)
Build info: version: '4.1.1', revision: 'e8fcc2cecf'
System info: host: 'MT-HYHN1Z2', ip: '192.168.0.101', os.name: 'Windows 10', os.arch: 'amd64', os.version: '10.0', java.version: '17.0.2'
Driver info: org.openqa.selenium.chrome.ChromeDriver
Command: [250975053951f10740afdc635a51ba8e, clickElement {id=5cf66165-1c07-455a-8eb2-338fa3387c39}]
Capabilities {acceptInsecureCerts: false, browserName: chrome, browserVersion: 104.0.5112.102, chrome: {chromedriverVersion: 104.0.5112.79 (3cf3e8c8a07d..., userDataDir: C:\Users\M1082746\AppData\L...}, goog:chromeOptions: {debuggerAddress: localhost:57365}, javascriptEnabled: true, networkConnectionEnabled: false, pageLoadStrategy: normal, platform: WINDOWS, platformName: WINDOWS, proxy: Proxy(), se:cdp: ws://localhost:57365/devtoo..., se:cdpVersion: 104.0.5112.102, setWindowRect: true, strictFileInteractability: false, timeouts: {implicit: 0, pageLoad: 300000, script: 30000}, unhandledPromptBehavior: dismiss and notify, webauthn:extension:credBlob: true, webauthn:extension:largeBlob: true, webauthn:virtualAuthenticators: true}
Element: [[ChromeDriver: chrome on WINDOWS (250975053951f10740afdc635a51ba8e)] -> xpath: //button[normalize-space()='US - English']]
Session ID: 250975053951f10740afdc635a51ba8e
at java.base/jdk.internal.reflect.NativeConstructorAccessorImpl.newInstance0(Native Method)
at java.base/jdk.internal.reflect.NativeConstructorAccessorImpl.newInstance(NativeConstructorAccessorImpl.java:77)
at java.base/jdk.internal.reflect.DelegatingConstructorAccessorImpl.newInstance(DelegatingConstructorAccessorImpl.java:45)
at java.base/java.lang.reflect.Constructor.newInstanceWithCaller(Constructor.java:499)
at java.base/java.lang.reflect.Constructor.newInstance(Constructor.java:480)
at org.openqa.selenium.remote.codec.w3c.W3CHttpResponseCodec.createException(W3CHttpResponseCodec.java:200)
at org.openqa.selenium.remote.codec.w3c.W3CHttpResponseCodec.decode(W3CHttpResponseCodec.java:133)
at org.openqa.selenium.remote.codec.w3c.W3CHttpResponseCodec.decode(W3CHttpResponseCodec.java:53)
at org.openqa.selenium.remote.HttpCommandExecutor.execute(HttpCommandExecutor.java:184)
at org.openqa.selenium.remote.service.DriverCommandExecutor.invokeExecute(DriverCommandExecutor.java:167)
at org.openqa.selenium.remote.service.DriverCommandExecutor.execute(DriverCommandExecutor.java:142)
at org.openqa.selenium.remote.RemoteWebDriver.execute(RemoteWebDriver.java:543)
at org.openqa.selenium.remote.RemoteWebElement.execute(RemoteWebElement.java:251)
at org.openqa.selenium.remote.RemoteWebElement.click(RemoteWebElement.java:77)
at PageObject.Language.language(Language.java:20)
at Runner.TestCase.language(TestCase.java:38)
at java.base/jdk.internal.reflect.NativeMethodAccessorImpl.invoke0(Native Method)
at java.base/jdk.internal.reflect.NativeMethodAccessorImpl.invoke(NativeMethodAccessorImpl.java:77)
at java.base/jdk.internal.reflect.DelegatingMethodAccessorImpl.invoke(DelegatingMethodAccessorImpl.java:43)
at java.base/java.lang.reflect.Method.invoke(Method.java:568)
at org.testng.internal.MethodInvocationHelper.invokeMethod(MethodInvocationHelper.java:133)
at org.testng.internal.TestInvoker.invokeMethod(TestInvoker.java:598)
at org.testng.internal.TestInvoker.invokeTestMethod(TestInvoker.java:173)
at org.testng.internal.MethodRunner.runInSequence(MethodRunner.java:46)
at org.testng.internal.TestInvoker$MethodInvocationAgent.invoke(TestInvoker.java:824)
at org.testng.internal.TestInvoker.invokeTestMethods(TestInvoker.java:146)
at org.testng.internal.TestMethodWorker.invokeTestMethods(TestMethodWorker.java:146)
at org.testng.internal.TestMethodWorker.run(TestMethodWorker.java:128)
at java.base/java.util.ArrayList.forEach(ArrayList.java:1511)
at org.testng.TestRunner.privateRun(TestRunner.java:794)
at org.testng.TestRunner.run(TestRunner.java:596)
at org.testng.SuiteRunner.runTest(SuiteRunner.java:377)
at org.testng.SuiteRunner.runSequentially(SuiteRunner.java:371)
at org.testng.SuiteRunner.privateRun(SuiteRunner.java:332)
at org.testng.SuiteRunner.run(SuiteRunner.java:276)
at org.testng.SuiteRunnerWorker.runSuite(SuiteRunnerWorker.java:53)
at org.testng.SuiteRunnerWorker.run(SuiteRunnerWorker.java:96)
at org.testng.TestNG.runSuitesSequentially(TestNG.java:1212)
at org.testng.TestNG.runSuitesLocally(TestNG.java:1134)
at org.testng.TestNG.runSuites(TestNG.java:1063)
at org.testng.TestNG.run(TestNG.java:1031)
at org.testng.remote.AbstractRemoteTestNG.run(AbstractRemoteTestNG.java:115)
at org.testng.remote.RemoteTestNG.initAndRun(RemoteTestNG.java:251)
at org.testng.remote.RemoteTestNG.main(RemoteTestNG.java:77)
]]>
            </full-stacktrace>
          </exception> <!-- org.openqa.selenium.ElementClickInterceptedException -->
          <reporter-output>
          </reporter-output>
        </test-method> <!-- language -->
        <test-method is-config="true" signature="tearDownMethod(org.testng.ITestResult)[pri:0, instance:Runner.TestCase@4b8ee4de]" started-at="2022-08-27T11:10:12 IST" name="tearDownMethod" finished-at="2022-08-27T11:10:12 IST" duration-ms="20" status="PASS">
          <params>
            <param index="0">
              <value>
                <![CDATA[[TestResult name=language status=FAILURE method=TestCase.language()[pri:2, instance:Runner.TestCase@4b8ee4de] output={null}]]]>
              </value>
            </param>
          </params>
          <reporter-output>
            <line>
              <![CDATA[Test is going to end]]>
            </line>
            <line>
              <![CDATA[completed successfully...Report generated]]>
            </line>
          </reporter-output>
        </test-method> <!-- tearDownMethod -->
        <test-method signature="contact()[pri:3, instance:Runner.TestCase@4b8ee4de]" started-at="2022-08-27T11:10:12 IST" name="contact" finished-at="2022-08-27T11:10:13 IST" duration-ms="853" status="PASS">
          <reporter-output>
          </reporter-output>
        </test-method> <!-- contact -->
        <test-method is-config="true" signature="tearDownMethod(org.testng.ITestResult)[pri:0, instance:Runner.TestCase@4b8ee4de]" started-at="2022-08-27T11:10:13 IST" name="tearDownMethod" finished-at="2022-08-27T11:10:15 IST" duration-ms="2117" status="PASS">
          <params>
            <param index="0">
              <value>
                <![CDATA[[TestResult name=contact status=SUCCESS method=TestCase.contact()[pri:3, instance:Runner.TestCase@4b8ee4de] output={null}]]]>
              </value>
            </param>
          </params>
          <reporter-output>
            <line>
              <![CDATA[Test is going to end]]>
            </line>
            <line>
              <![CDATA[completed successfully...Report generated]]>
            </line>
          </reporter-output>
        </test-method> <!-- tearDownMethod -->
        <test-method signature="shop()[pri:4, instance:Runner.TestCase@4b8ee4de]" started-at="2022-08-27T11:10:15 IST" name="shop" finished-at="2022-08-27T11:10:18 IST" duration-ms="2486" status="PASS">
          <reporter-output>
          </reporter-output>
        </test-method> <!-- shop -->
        <test-method is-config="true" signature="tearDownMethod(org.testng.ITestResult)[pri:0, instance:Runner.TestCase@4b8ee4de]" started-at="2022-08-27T11:10:18 IST" name="tearDownMethod" finished-at="2022-08-27T11:10:35 IST" duration-ms="17794" status="PASS">
          <params>
            <param index="0">
              <value>
                <![CDATA[[TestResult name=shop status=SUCCESS method=TestCase.shop()[pri:4, instance:Runner.TestCase@4b8ee4de] output={null}]]]>
              </value>
            </param>
          </params>
          <reporter-output>
            <line>
              <![CDATA[Test is going to end]]>
            </line>
            <line>
              <![CDATA[completed successfully...Report generated]]>
            </line>
          </reporter-output>
        </test-method> <!-- tearDownMethod -->
        <test-method signature="commitment()[pri:5, instance:Runner.TestCase@4b8ee4de]" started-at="2022-08-27T11:10:35 IST" name="commitment" finished-at="2022-08-27T11:10:37 IST" duration-ms="1521" status="PASS">
          <reporter-output>
          </reporter-output>
        </test-method> <!-- commitment -->
        <test-method is-config="true" signature="tearDownMethod(org.testng.ITestResult)[pri:0, instance:Runner.TestCase@4b8ee4de]" started-at="2022-08-27T11:10:37 IST" name="tearDownMethod" finished-at="2022-08-27T11:10:38 IST" duration-ms="1495" status="PASS">
          <params>
            <param index="0">
              <value>
                <![CDATA[[TestResult name=commitment status=SUCCESS method=TestCase.commitment()[pri:5, instance:Runner.TestCase@4b8ee4de] output={null}]]]>
              </value>
            </param>
          </params>
          <reporter-output>
            <line>
              <![CDATA[Test is going to end]]>
            </line>
            <line>
              <![CDATA[completed successfully...Report generated]]>
            </line>
          </reporter-output>
        </test-method> <!-- tearDownMethod -->
        <test-method signature="coupons()[pri:6, instance:Runner.TestCase@4b8ee4de]" started-at="2022-08-27T11:10:38 IST" name="coupons" finished-at="2022-08-27T11:10:39 IST" duration-ms="697" status="PASS">
          <reporter-output>
          </reporter-output>
        </test-method> <!-- coupons -->
        <test-method is-config="true" signature="tearDownMethod(org.testng.ITestResult)[pri:0, instance:Runner.TestCase@4b8ee4de]" started-at="2022-08-27T11:10:39 IST" name="tearDownMethod" finished-at="2022-08-27T11:10:41 IST" duration-ms="1589" status="PASS">
          <params>
            <param index="0">
              <value>
                <![CDATA[[TestResult name=coupons status=SUCCESS method=TestCase.coupons()[pri:6, instance:Runner.TestCase@4b8ee4de] output={null}]]]>
              </value>
            </param>
          </params>
          <reporter-output>
            <line>
              <![CDATA[Test is going to end]]>
            </line>
            <line>
              <![CDATA[completed successfully...Report generated]]>
            </line>
          </reporter-output>
        </test-method> <!-- tearDownMethod -->
        <test-method signature="Search()[pri:7, instance:Runner.TestCase@4b8ee4de]" started-at="2022-08-27T11:10:41 IST" name="Search" finished-at="2022-08-27T11:10:41 IST" duration-ms="276" status="PASS">
          <reporter-output>
          </reporter-output>
        </test-method> <!-- Search -->
        <test-method is-config="true" signature="tearDownMethod(org.testng.ITestResult)[pri:0, instance:Runner.TestCase@4b8ee4de]" started-at="2022-08-27T11:10:41 IST" name="tearDownMethod" finished-at="2022-08-27T11:10:42 IST" duration-ms="1327" status="PASS">
          <params>
            <param index="0">
              <value>
                <![CDATA[[TestResult name=Search status=SUCCESS method=TestCase.Search()[pri:7, instance:Runner.TestCase@4b8ee4de] output={null}]]]>
              </value>
            </param>
          </params>
          <reporter-output>
            <line>
              <![CDATA[Test is going to end]]>
            </line>
            <line>
              <![CDATA[completed successfully...Report generated]]>
            </line>
          </reporter-output>
        </test-method> <!-- tearDownMethod -->
        <test-method signature="Wash()[pri:8, instance:Runner.TestCase@4b8ee4de]" started-at="2022-08-27T11:10:42 IST" name="Wash" finished-at="2022-08-27T11:10:43 IST" duration-ms="1100" status="PASS">
          <reporter-output>
          </reporter-output>
        </test-method> <!-- Wash -->
        <test-method is-config="true" signature="tearDownMethod(org.testng.ITestResult)[pri:0, instance:Runner.TestCase@4b8ee4de]" started-at="2022-08-27T11:10:43 IST" name="tearDownMethod" finished-at="2022-08-27T11:10:47 IST" duration-ms="3284" status="PASS">
          <params>
            <param index="0">
              <value>
                <![CDATA[[TestResult name=Wash status=SUCCESS method=TestCase.Wash()[pri:8, instance:Runner.TestCase@4b8ee4de] output={null}]]]>
              </value>
            </param>
          </params>
          <reporter-output>
            <line>
              <![CDATA[Test is going to end]]>
            </line>
            <line>
              <![CDATA[completed successfully...Report generated]]>
            </line>
          </reporter-output>
        </test-method> <!-- tearDownMethod -->
        <test-method signature="New()[pri:9, instance:Runner.TestCase@4b8ee4de]" started-at="2022-08-27T11:10:47 IST" name="New" finished-at="2022-08-27T11:10:47 IST" duration-ms="362" status="PASS">
          <reporter-output>
          </reporter-output>
        </test-method> <!-- New -->
        <test-method is-config="true" signature="tearDownMethod(org.testng.ITestResult)[pri:0, instance:Runner.TestCase@4b8ee4de]" started-at="2022-08-27T11:10:47 IST" name="tearDownMethod" finished-at="2022-08-27T11:10:48 IST" duration-ms="1100" status="PASS">
          <params>
            <param index="0">
              <value>
                <![CDATA[[TestResult name=New status=SUCCESS method=TestCase.New()[pri:9, instance:Runner.TestCase@4b8ee4de] output={null}]]]>
              </value>
            </param>
          </params>
          <reporter-output>
            <line>
              <![CDATA[Test is going to end]]>
            </line>
            <line>
              <![CDATA[completed successfully...Report generated]]>
            </line>
          </reporter-output>
        </test-method> <!-- tearDownMethod -->
        <test-method signature="Footer()[pri:10, instance:Runner.TestCase@4b8ee4de]" started-at="2022-08-27T11:10:48 IST" name="Footer" finished-at="2022-08-27T11:10:48 IST" duration-ms="22" status="PASS">
          <reporter-output>
          </reporter-output>
        </test-method> <!-- Footer -->
        <test-method is-config="true" signature="tearDownMethod(org.testng.ITestResult)[pri:0, instance:Runner.TestCase@4b8ee4de]" started-at="2022-08-27T11:10:48 IST" name="tearDownMethod" finished-at="2022-08-27T11:10:49 IST" duration-ms="886" status="PASS">
          <params>
            <param index="0">
              <value>
                <![CDATA[[TestResult name=Footer status=SUCCESS method=TestCase.Footer()[pri:10, instance:Runner.TestCase@4b8ee4de] output={null}]]]>
              </value>
            </param>
          </params>
          <reporter-output>
            <line>
              <![CDATA[Test is going to end]]>
            </line>
            <line>
              <![CDATA[completed successfully...Report generated]]>
            </line>
          </reporter-output>
        </test-method> <!-- tearDownMethod -->
        <test-method is-config="true" signature="teardown()[pri:0, instance:Runner.TestCase@4b8ee4de]" started-at="2022-08-27T11:10:49 IST" name="teardown" finished-at="2022-08-27T11:10:52 IST" duration-ms="2965" status="PASS">
          <reporter-output>
          </reporter-output>
        </test-method> <!-- teardown -->
      </class> <!-- Runner.TestCase -->
    </test> <!-- Default test -->
  </suite> <!-- Default suite -->
</testng-results>
